
> admin@0.0.0 build:check
> tsc -b && vite build

src/App.tsx(1,1): error TS6133: 'React' is declared but its value is never read.
src/App.tsx(2,41): error TS1484: 'ResourceProps' is a type and must be imported using a type-only import when 'verbatimModuleSyntax' is enabled.
src/App.tsx(22,11): error TS2559: Type '{ intent?: "route" | "registration" | undefined; name: string; list?: ComponentType<any> | ReactElement<unknown, string | JSXElementConstructor<any>> | undefined; ... 9 more ...; children?: ReactNode; }' has no properties in common with type 'IntrinsicAttributes'.
src/components/AgentPdf.tsx(3,28): error TS2307: Cannot find module '@mocyno/types' or its corresponding type declarations.
src/Dashboard.tsx(3,41): error TS2724: '"@mui/material"' has no exported member named 'Grid2'. Did you mean 'Grid'?
src/Dashboard.tsx(13,57): error TS2307: Cannot find module '../types/models' or its corresponding type declarations.
src/dataProvider.ts(40,5): error TS2322: Type '(resource: string) => Promise<{ data: { id: string; }[]; total: number; }>' is not assignable to type '<RecordType extends RaRecord = any>(resource: string, params: GetListParams & QueryFunctionContext) => Promise<GetListResult<RecordType>>'.
  Type 'Promise<{ data: { id: string; }[]; total: number; }>' is not assignable to type 'Promise<GetListResult<RecordType>>'.
    Type '{ data: { id: string; }[]; total: number; }' is not assignable to type 'GetListResult<RecordType>'.
      Types of property 'data' are incompatible.
        Type '{ id: string; }[]' is not assignable to type 'RecordType[]'.
          Type '{ id: string; }' is not assignable to type 'RecordType'.
            '{ id: string; }' is assignable to the constraint of type 'RecordType', but 'RecordType' could be instantiated with a different subtype of constraint 'RaRecord<Identifier>'.
src/dataProvider.ts(53,5): error TS2322: Type '(resource: string, params: GetOneParams) => Promise<{ data: { id: string; }; }>' is not assignable to type '<RecordType extends RaRecord = any>(resource: string, params: GetOneParams<RecordType> & QueryFunctionContext) => Promise<GetOneResult<RecordType>>'.
  Type 'Promise<{ data: { id: string; }; }>' is not assignable to type 'Promise<GetOneResult<RecordType>>'.
    Type '{ data: { id: string; }; }' is not assignable to type 'GetOneResult<RecordType>'.
      Types of property 'data' are incompatible.
        Type '{ id: string; }' is not assignable to type 'RecordType'.
          '{ id: string; }' is assignable to the constraint of type 'RecordType', but 'RecordType' could be instantiated with a different subtype of constraint 'RaRecord<Identifier>'.
src/dataProvider.ts(69,5): error TS2322: Type '(resource: string, params: GetManyParams) => Promise<{ data: { id: string; }[]; }>' is not assignable to type '<RecordType extends RaRecord = any>(resource: string, params: GetManyParams<RecordType> & QueryFunctionContext) => Promise<GetManyResult<RecordType>>'.
  Type 'Promise<{ data: { id: string; }[]; }>' is not assignable to type 'Promise<GetManyResult<RecordType>>'.
    Type '{ data: { id: string; }[]; }' is not assignable to type 'GetManyResult<RecordType>'.
      Types of property 'data' are incompatible.
        Type '{ id: string; }[]' is not assignable to type 'RecordType[]'.
          Type '{ id: string; }' is not assignable to type 'RecordType'.
            '{ id: string; }' is assignable to the constraint of type 'RecordType', but 'RecordType' could be instantiated with a different subtype of constraint 'RaRecord<Identifier>'.
src/dataProvider.ts(81,5): error TS2322: Type '(resource: string) => Promise<{ data: { id: string; }[]; total: number; }>' is not assignable to type '<RecordType extends RaRecord = any>(resource: string, params: GetManyReferenceParams & QueryFunctionContext) => Promise<GetManyReferenceResult<RecordType>>'.
  Type 'Promise<{ data: { id: string; }[]; total: number; }>' is not assignable to type 'Promise<GetManyReferenceResult<RecordType>>'.
    Type '{ data: { id: string; }[]; total: number; }' is not assignable to type 'GetManyReferenceResult<RecordType>'.
      Types of property 'data' are incompatible.
        Type '{ id: string; }[]' is not assignable to type 'RecordType[]'.
          Type '{ id: string; }' is not assignable to type 'RecordType'.
            '{ id: string; }' is assignable to the constraint of type 'RecordType', but 'RecordType' could be instantiated with a different subtype of constraint 'RaRecord<Identifier>'.
src/dataProvider.ts(94,5): error TS2322: Type '(resource: string, params: CreateParams) => Promise<{ data: { id: string; }; }>' is not assignable to type '<RecordType extends Omit<RaRecord, "id"> = any, ResultRecordType extends RaRecord = RecordType & { id: Identifier; }>(resource: string, params: CreateParams<any>) => Promise<CreateResult<ResultRecordType>>'.
  Type 'Promise<{ data: { id: string; }; }>' is not assignable to type 'Promise<CreateResult<ResultRecordType>>'.
    Type '{ data: { id: string; }; }' is not assignable to type 'CreateResult<ResultRecordType>'.
      Types of property 'data' are incompatible.
        Type '{ id: string; }' is not assignable to type 'ResultRecordType'.
          '{ id: string; }' is assignable to the constraint of type 'ResultRecordType', but 'ResultRecordType' could be instantiated with a different subtype of constraint 'RaRecord<Identifier>'.
src/dataProvider.ts(112,5): error TS2322: Type '(resource: string, params: UpdateParams) => Promise<{ data: Partial<any>; }>' is not assignable to type '<RecordType extends RaRecord = any>(resource: string, params: UpdateParams<any>) => Promise<UpdateResult<RecordType>>'.
  Type 'Promise<{ data: Partial<any>; }>' is not assignable to type 'Promise<UpdateResult<RecordType>>'.
    Type '{ data: Partial<any>; }' is not assignable to type 'UpdateResult<RecordType>'.
      Types of property 'data' are incompatible.
        Type 'Partial<any>' is not assignable to type 'RecordType'.
          'RecordType' could be instantiated with an arbitrary type which could be unrelated to 'Partial<any>'.
src/MyLayout.tsx(6,22): error TS1484: 'ForwardedRef' is a type and must be imported using a type-only import when 'verbatimModuleSyntax' is enabled.
src/MyLayout.tsx(11,10): error TS2769: No overload matches this call.
  Overload 1 of 3, '(props: { href: string; } & MenuItemOwnProps & Omit<ButtonBaseOwnProps, "classes"> & CommonProps & Omit<DetailedHTMLProps<AnchorHTMLAttributes<HTMLAnchorElement>, HTMLAnchorElement>, "className" | ... 20 more ... | "disableGutters">): Element', gave the following error.
    Type 'ForwardedRef<HTMLLIElement>' is not assignable to type 'Ref<HTMLAnchorElement> | undefined'.
      Type 'RefObject<HTMLLIElement | null>' is not assignable to type 'Ref<HTMLAnchorElement> | undefined'.
        Type 'RefObject<HTMLLIElement | null>' is not assignable to type 'RefObject<HTMLAnchorElement | null>'.
          Type 'HTMLLIElement | null' is not assignable to type 'HTMLAnchorElement | null'.
            Type 'HTMLLIElement' is missing the following properties from type 'HTMLAnchorElement': charset, coords, download, hreflang, and 20 more.
  Overload 2 of 3, '(props: { component: ForwardRefExoticComponent<LinkProps & RefAttributes<HTMLAnchorElement>>; } & MenuItemOwnProps & Omit<...> & CommonProps & Omit<...>): Element | null', gave the following error.
    Type 'ForwardedRef<HTMLLIElement>' is not assignable to type 'Ref<HTMLAnchorElement> | undefined'.
      Type 'RefObject<HTMLLIElement | null>' is not assignable to type 'Ref<HTMLAnchorElement> | undefined'.
        Type 'RefObject<HTMLLIElement | null>' is not assignable to type 'RefObject<HTMLAnchorElement | null>'.
          Type 'HTMLLIElement | null' is not assignable to type 'HTMLAnchorElement | null'.
            Type 'HTMLLIElement' is missing the following properties from type 'HTMLAnchorElement': charset, coords, download, hreflang, and 20 more.
  Overload 3 of 3, '(props: DefaultComponentProps<ExtendButtonBaseTypeMap<MenuItemTypeMap<{}, "li">>>): Element | null', gave the following error.
    Type '{ children: Element[]; component: ForwardRefExoticComponent<LinkProps & RefAttributes<HTMLAnchorElement>>; to: string; ref: ForwardedRef<...>; }' is not assignable to type 'IntrinsicAttributes & MenuItemOwnProps & Omit<ButtonBaseOwnProps, "classes"> & CommonProps & Omit<...>'.
      Property 'component' does not exist on type 'IntrinsicAttributes & MenuItemOwnProps & Omit<ButtonBaseOwnProps, "classes"> & CommonProps & Omit<...>'.
src/pages/Payroll.tsx(3,18): error TS2724: '"@mui/material"' has no exported member named 'Grid2'. Did you mean 'Grid'?
src/pages/Planning.tsx(15,1): error TS6133: 'withDragAndDrop' is declared but its value is never read.
src/pages/Planning.tsx(21,1): error TS2578: Unused '@ts-expect-error' directive.
src/pages/Planning.tsx(31,57): error TS6133: 'culture' is declared but its value is never read.
src/pages/Planning.tsx(33,58): error TS6133: 'culture' is declared but its value is never read.
src/pages/Planning.tsx(361,14): error TS2304: Cannot find name 'Title'.
src/pages/Planning.tsx(385,33): error TS2769: No overload matches this call.
  Overload 1 of 2, '(props: CalendarProps<any, object>): Calendar<any, object>', gave the following error.
    Type '{ timeGutterFormat: string; eventTimeRangeFormat: ({ start, end }: FormatRange, culture: string, local: typeof moment) => string; agendaTimeRangeFormat: ({ start, end }: FormatRange, culture: string, local: typeof moment) => string; dayHeaderFormat: string; }' is not assignable to type 'Formats'.
      Types of property 'agendaTimeRangeFormat' are incompatible.
        Type '({ start, end }: FormatRange, culture: string, local: typeof moment) => string' is not assignable to type 'DateRangeFormatFunction'.
          Types of parameters 'culture' and 'culture' are incompatible.
            Type 'string | undefined' is not assignable to type 'string'.
              Type 'undefined' is not assignable to type 'string'.
  Overload 2 of 2, '(props: CalendarProps<any, object>, context: any): Calendar<any, object>', gave the following error.
    Type '{ timeGutterFormat: string; eventTimeRangeFormat: ({ start, end }: FormatRange, culture: string, local: typeof moment) => string; agendaTimeRangeFormat: ({ start, end }: FormatRange, culture: string, local: typeof moment) => string; dayHeaderFormat: string; }' is not assignable to type 'Formats'.
      Types of property 'agendaTimeRangeFormat' are incompatible.
        Type '({ start, end }: FormatRange, culture: string, local: typeof moment) => string' is not assignable to type 'DateRangeFormatFunction'.
          Types of parameters 'culture' and 'culture' are incompatible.
            Type 'string | undefined' is not assignable to type 'string'.
              Type 'undefined' is not assignable to type 'string'.
src/utils/planningUtils.test.ts(4,43): error TS2307: Cannot find module '@mocyno/types' or its corresponding type declarations.
