
> admin@0.0.0 build:check
> tsc -b && vite build

src/App.tsx(1,1): error TS6133: 'React' is declared but its value is never read.
src/App.tsx(2,41): error TS1484: 'ResourceProps' is a type and must be imported using a type-only import when 'verbatimModuleSyntax' is enabled.
src/App.tsx(22,11): error TS2559: Type '{ intent?: "route" | "registration" | undefined; name: string; list?: ComponentType<any> | ReactElement<unknown, string | JSXElementConstructor<any>> | undefined; ... 9 more ...; children?: ReactNode; }' has no properties in common with type 'IntrinsicAttributes'.
src/components/AgentPdf.tsx(3,28): error TS2307: Cannot find module '@mocyno/types' or its corresponding type declarations.
src/Dashboard.tsx(12,25): error TS2307: Cannot find module '@mocyno/types' or its corresponding type declarations.
src/Dashboard.tsx(21,16): error TS2554: Expected 3-4 arguments, but got 1.
src/Dashboard.tsx(46,18): error TS2769: No overload matches this call.
  Overload 1 of 2, '(props: { component: ElementType<any, keyof IntrinsicElements>; } & GridBaseProps & { sx?: SxProps<Theme> | undefined; } & SystemProps<...> & Omit<...>): Element | null', gave the following error.
    Property 'component' is missing in type '{ children: Element; xs: number; sm: number; md: number; }' but required in type '{ component: ElementType<any, keyof IntrinsicElements>; }'.
  Overload 2 of 2, '(props: DefaultComponentProps<GridTypeMap<{}, "div">>): Element | null', gave the following error.
    Type '{ children: Element; xs: number; sm: number; md: number; }' is not assignable to type 'IntrinsicAttributes & GridBaseProps & { sx?: SxProps<Theme> | undefined; } & SystemProps<Theme> & Omit<...>'.
      Property 'xs' does not exist on type 'IntrinsicAttributes & GridBaseProps & { sx?: SxProps<Theme> | undefined; } & SystemProps<Theme> & Omit<...>'.
src/Dashboard.tsx(51,40): error TS2339: Property 'doneHours' does not exist on type '{ agent: Agent; totalPlanned: number; totalDone: number; nightHours: number; sundayHours: number; holidayHours: number; futureHours: number; } | { doneHours: number; futureHours: number; agentsCount: number; sitesCount: number; }'.
  Property 'doneHours' does not exist on type '{ agent: Agent; totalPlanned: number; totalDone: number; nightHours: number; sundayHours: number; holidayHours: number; futureHours: number; }'.
src/Dashboard.tsx(60,18): error TS2769: No overload matches this call.
  Overload 1 of 2, '(props: { component: ElementType<any, keyof IntrinsicElements>; } & GridBaseProps & { sx?: SxProps<Theme> | undefined; } & SystemProps<...> & Omit<...>): Element | null', gave the following error.
    Property 'component' is missing in type '{ children: Element; xs: number; sm: number; md: number; }' but required in type '{ component: ElementType<any, keyof IntrinsicElements>; }'.
  Overload 2 of 2, '(props: DefaultComponentProps<GridTypeMap<{}, "div">>): Element | null', gave the following error.
    Type '{ children: Element; xs: number; sm: number; md: number; }' is not assignable to type 'IntrinsicAttributes & GridBaseProps & { sx?: SxProps<Theme> | undefined; } & SystemProps<Theme> & Omit<...>'.
      Property 'xs' does not exist on type 'IntrinsicAttributes & GridBaseProps & { sx?: SxProps<Theme> | undefined; } & SystemProps<Theme> & Omit<...>'.
src/Dashboard.tsx(74,18): error TS2769: No overload matches this call.
  Overload 1 of 2, '(props: { component: ElementType<any, keyof IntrinsicElements>; } & GridBaseProps & { sx?: SxProps<Theme> | undefined; } & SystemProps<...> & Omit<...>): Element | null', gave the following error.
    Property 'component' is missing in type '{ children: Element; xs: number; sm: number; md: number; }' but required in type '{ component: ElementType<any, keyof IntrinsicElements>; }'.
  Overload 2 of 2, '(props: DefaultComponentProps<GridTypeMap<{}, "div">>): Element | null', gave the following error.
    Type '{ children: Element; xs: number; sm: number; md: number; }' is not assignable to type 'IntrinsicAttributes & GridBaseProps & { sx?: SxProps<Theme> | undefined; } & SystemProps<Theme> & Omit<...>'.
      Property 'xs' does not exist on type 'IntrinsicAttributes & GridBaseProps & { sx?: SxProps<Theme> | undefined; } & SystemProps<Theme> & Omit<...>'.
src/Dashboard.tsx(79,40): error TS2339: Property 'agentsCount' does not exist on type '{ agent: Agent; totalPlanned: number; totalDone: number; nightHours: number; sundayHours: number; holidayHours: number; futureHours: number; } | { doneHours: number; futureHours: number; agentsCount: number; sitesCount: number; }'.
  Property 'agentsCount' does not exist on type '{ agent: Agent; totalPlanned: number; totalDone: number; nightHours: number; sundayHours: number; holidayHours: number; futureHours: number; }'.
src/Dashboard.tsx(88,18): error TS2769: No overload matches this call.
  Overload 1 of 2, '(props: { component: ElementType<any, keyof IntrinsicElements>; } & GridBaseProps & { sx?: SxProps<Theme> | undefined; } & SystemProps<...> & Omit<...>): Element | null', gave the following error.
    Property 'component' is missing in type '{ children: Element; xs: number; sm: number; md: number; }' but required in type '{ component: ElementType<any, keyof IntrinsicElements>; }'.
  Overload 2 of 2, '(props: DefaultComponentProps<GridTypeMap<{}, "div">>): Element | null', gave the following error.
    Type '{ children: Element; xs: number; sm: number; md: number; }' is not assignable to type 'IntrinsicAttributes & GridBaseProps & { sx?: SxProps<Theme> | undefined; } & SystemProps<Theme> & Omit<...>'.
      Property 'xs' does not exist on type 'IntrinsicAttributes & GridBaseProps & { sx?: SxProps<Theme> | undefined; } & SystemProps<Theme> & Omit<...>'.
src/Dashboard.tsx(93,40): error TS2339: Property 'sitesCount' does not exist on type '{ agent: Agent; totalPlanned: number; totalDone: number; nightHours: number; sundayHours: number; holidayHours: number; futureHours: number; } | { doneHours: number; futureHours: number; agentsCount: number; sitesCount: number; }'.
  Property 'sitesCount' does not exist on type '{ agent: Agent; totalPlanned: number; totalDone: number; nightHours: number; sundayHours: number; holidayHours: number; futureHours: number; }'.
src/dataProvider.ts(2,5): error TS2300: Duplicate identifier 'DataProvider'.
src/dataProvider.ts(3,5): error TS2300: Duplicate identifier 'DataProvider'.
src/dataProvider.ts(41,5): error TS2322: Type '(resource: string) => Promise<{ data: { id: string; }[]; total: number; }>' is not assignable to type '<RecordType extends RaRecord = any>(resource: string, params: GetListParams & QueryFunctionContext) => Promise<GetListResult<RecordType>>'.
  Type 'Promise<{ data: { id: string; }[]; total: number; }>' is not assignable to type 'Promise<GetListResult<RecordType>>'.
    Type '{ data: { id: string; }[]; total: number; }' is not assignable to type 'GetListResult<RecordType>'.
      Types of property 'data' are incompatible.
        Type '{ id: string; }[]' is not assignable to type 'RecordType[]'.
          Type '{ id: string; }' is not assignable to type 'RecordType'.
            '{ id: string; }' is assignable to the constraint of type 'RecordType', but 'RecordType' could be instantiated with a different subtype of constraint 'RaRecord<Identifier>'.
src/dataProvider.ts(54,5): error TS2322: Type '(resource: string, params: GetOneParams) => Promise<{ data: { id: string; }; }>' is not assignable to type '<RecordType extends RaRecord = any>(resource: string, params: GetOneParams<RecordType> & QueryFunctionContext) => Promise<GetOneResult<RecordType>>'.
  Type 'Promise<{ data: { id: string; }; }>' is not assignable to type 'Promise<GetOneResult<RecordType>>'.
    Type '{ data: { id: string; }; }' is not assignable to type 'GetOneResult<RecordType>'.
      Types of property 'data' are incompatible.
        Type '{ id: string; }' is not assignable to type 'RecordType'.
          '{ id: string; }' is assignable to the constraint of type 'RecordType', but 'RecordType' could be instantiated with a different subtype of constraint 'RaRecord<Identifier>'.
src/dataProvider.ts(70,5): error TS2322: Type '(resource: string, params: GetManyParams) => Promise<{ data: { id: string; }[]; }>' is not assignable to type '<RecordType extends RaRecord = any>(resource: string, params: GetManyParams<RecordType> & QueryFunctionContext) => Promise<GetManyResult<RecordType>>'.
  Type 'Promise<{ data: { id: string; }[]; }>' is not assignable to type 'Promise<GetManyResult<RecordType>>'.
    Type '{ data: { id: string; }[]; }' is not assignable to type 'GetManyResult<RecordType>'.
      Types of property 'data' are incompatible.
        Type '{ id: string; }[]' is not assignable to type 'RecordType[]'.
          Type '{ id: string; }' is not assignable to type 'RecordType'.
            '{ id: string; }' is assignable to the constraint of type 'RecordType', but 'RecordType' could be instantiated with a different subtype of constraint 'RaRecord<Identifier>'.
src/dataProvider.ts(82,5): error TS2322: Type '(resource: string) => Promise<{ data: { id: string; }[]; total: number; }>' is not assignable to type '<RecordType extends RaRecord = any>(resource: string, params: GetManyReferenceParams & QueryFunctionContext) => Promise<GetManyReferenceResult<RecordType>>'.
  Type 'Promise<{ data: { id: string; }[]; total: number; }>' is not assignable to type 'Promise<GetManyReferenceResult<RecordType>>'.
    Type '{ data: { id: string; }[]; total: number; }' is not assignable to type 'GetManyReferenceResult<RecordType>'.
      Types of property 'data' are incompatible.
        Type '{ id: string; }[]' is not assignable to type 'RecordType[]'.
          Type '{ id: string; }' is not assignable to type 'RecordType'.
            '{ id: string; }' is assignable to the constraint of type 'RecordType', but 'RecordType' could be instantiated with a different subtype of constraint 'RaRecord<Identifier>'.
src/dataProvider.ts(95,5): error TS2322: Type '(resource: string, params: CreateParams) => Promise<{ data: { id: string; }; }>' is not assignable to type '<RecordType extends Omit<RaRecord, "id"> = any, ResultRecordType extends RaRecord = RecordType & { id: Identifier; }>(resource: string, params: CreateParams<any>) => Promise<CreateResult<ResultRecordType>>'.
  Type 'Promise<{ data: { id: string; }; }>' is not assignable to type 'Promise<CreateResult<ResultRecordType>>'.
    Type '{ data: { id: string; }; }' is not assignable to type 'CreateResult<ResultRecordType>'.
      Types of property 'data' are incompatible.
        Type '{ id: string; }' is not assignable to type 'ResultRecordType'.
          '{ id: string; }' is assignable to the constraint of type 'ResultRecordType', but 'ResultRecordType' could be instantiated with a different subtype of constraint 'RaRecord<Identifier>'.
src/dataProvider.ts(113,5): error TS2322: Type '(resource: string, params: UpdateParams) => Promise<{ data: Partial<any>; }>' is not assignable to type '<RecordType extends RaRecord = any>(resource: string, params: UpdateParams<any>) => Promise<UpdateResult<RecordType>>'.
  Type 'Promise<{ data: Partial<any>; }>' is not assignable to type 'Promise<UpdateResult<RecordType>>'.
    Type '{ data: Partial<any>; }' is not assignable to type 'UpdateResult<RecordType>'.
      Types of property 'data' are incompatible.
        Type 'Partial<any>' is not assignable to type 'RecordType'.
          'RecordType' could be instantiated with an arbitrary type which could be unrelated to 'Partial<any>'.
src/MyLayout.tsx(6,22): error TS1484: 'ForwardedRef' is a type and must be imported using a type-only import when 'verbatimModuleSyntax' is enabled.
src/MyLayout.tsx(11,10): error TS2769: No overload matches this call.
  Overload 1 of 3, '(props: { href: string; } & MenuItemOwnProps & Omit<ButtonBaseOwnProps, "classes"> & CommonProps & Omit<DetailedHTMLProps<AnchorHTMLAttributes<HTMLAnchorElement>, HTMLAnchorElement>, "divider" | ... 20 more ... | "selected">): Element', gave the following error.
    Type 'ForwardedRef<HTMLLIElement>' is not assignable to type 'Ref<HTMLAnchorElement> | undefined'.
      Type '(instance: HTMLLIElement | null) => void' is not assignable to type 'Ref<HTMLAnchorElement> | undefined'.
        Type '(instance: HTMLLIElement | null) => void' is not assignable to type '(instance: HTMLAnchorElement | null) => void | (() => VoidOrUndefinedOnly)'.
          Types of parameters 'instance' and 'instance' are incompatible.
            Type 'HTMLAnchorElement | null' is not assignable to type 'HTMLLIElement | null'.
              Property 'value' is missing in type 'HTMLAnchorElement' but required in type 'HTMLLIElement'.
  Overload 2 of 3, '(props: { component: ForwardRefExoticComponent<LinkProps & RefAttributes<HTMLAnchorElement>>; } & MenuItemOwnProps & Omit<...> & CommonProps & Omit<...>): Element | null', gave the following error.
    Type 'ForwardedRef<HTMLLIElement>' is not assignable to type 'Ref<HTMLAnchorElement> | undefined'.
      Type '(instance: HTMLLIElement | null) => void' is not assignable to type 'Ref<HTMLAnchorElement> | undefined'.
        Type '(instance: HTMLLIElement | null) => void' is not assignable to type '(instance: HTMLAnchorElement | null) => void | (() => VoidOrUndefinedOnly)'.
          Types of parameters 'instance' and 'instance' are incompatible.
            Type 'HTMLAnchorElement | null' is not assignable to type 'HTMLLIElement | null'.
              Property 'value' is missing in type 'HTMLAnchorElement' but required in type 'HTMLLIElement'.
  Overload 3 of 3, '(props: DefaultComponentProps<ExtendButtonBaseTypeMap<MenuItemTypeMap<{}, "li">>>): Element | null', gave the following error.
    Type '{ children: Element[]; component: ForwardRefExoticComponent<LinkProps & RefAttributes<HTMLAnchorElement>>; to: string; ref: ForwardedRef<...>; }' is not assignable to type 'IntrinsicAttributes & MenuItemOwnProps & Omit<ButtonBaseOwnProps, "classes"> & CommonProps & Omit<...>'.
      Property 'component' does not exist on type 'IntrinsicAttributes & MenuItemOwnProps & Omit<ButtonBaseOwnProps, "classes"> & CommonProps & Omit<...>'.
src/pages/Agents.tsx(43,10): error TS2304: Cannot find name 'Button'.
src/pages/Agents.tsx(49,25): error TS2304: Cannot find name 'GenerateIcon'.
src/pages/Agents.tsx(53,11): error TS2304: Cannot find name 'Button'.
src/pages/Agents.tsx(85,43): error TS2304: Cannot find name 'imageUrlToPngBase64'.
src/pages/Agents.tsx(99,42): error TS2304: Cannot find name 'imageUrlToPngBase64'.
src/pages/Agents.tsx(133,36): error TS2304: Cannot find name 'AgentBadgePdf'.
src/pages/Agents.tsx(137,30): error TS2304: Cannot find name 'Button'.
src/pages/Agents.tsx(137,85): error TS2304: Cannot find name 'DownloadIcon'.
src/pages/Agents.tsx(138,45): error TS2304: Cannot find name 'CircularProgress'.
src/pages/Agents.tsx(139,31): error TS2304: Cannot find name 'Button'.
src/pages/Agents.tsx(144,36): error TS2304: Cannot find name 'AgentProfilePdf'.
src/pages/Agents.tsx(148,30): error TS2304: Cannot find name 'Button'.
src/pages/Agents.tsx(148,87): error TS2304: Cannot find name 'DownloadIcon'.
src/pages/Agents.tsx(149,45): error TS2304: Cannot find name 'CircularProgress'.
src/pages/Agents.tsx(150,31): error TS2304: Cannot find name 'Button'.
src/pages/Agents.tsx(155,18): error TS2304: Cannot find name 'Button'.
src/pages/Agents.tsx(155,66): error TS2304: Cannot find name 'DownloadIcon'.
src/pages/Agents.tsx(157,19): error TS2304: Cannot find name 'Button'.
src/pages/Agents.tsx(251,135): error TS2304: Cannot find name 'validateCardPro'.
src/pages/Agents.tsx(312,36): error TS2304: Cannot find name 'ref'.
src/pages/Agents.tsx(312,40): error TS2304: Cannot find name 'storage'.
src/pages/Agents.tsx(313,23): error TS2304: Cannot find name 'uploadBytes'.
src/pages/Agents.tsx(314,34): error TS2304: Cannot find name 'getDownloadURL'.
src/pages/Events.tsx(3,10): error TS1484: 'Event' is a type and must be imported using a type-only import when 'verbatimModuleSyntax' is enabled.
src/pages/Payroll.tsx(120,22): error TS2769: No overload matches this call.
  Overload 1 of 2, '(props: { component: ElementType<any, keyof IntrinsicElements>; } & GridBaseProps & { sx?: SxProps<Theme> | undefined; } & SystemProps<...> & Omit<...>): Element | null', gave the following error.
    Property 'component' is missing in type '{ children: Element; item: true; xs: number; md: number; lg: number; key: string; }' but required in type '{ component: ElementType<any, keyof IntrinsicElements>; }'.
  Overload 2 of 2, '(props: DefaultComponentProps<GridTypeMap<{}, "div">>): Element | null', gave the following error.
    Type '{ children: Element; item: true; xs: number; md: number; lg: number; key: string; }' is not assignable to type 'IntrinsicAttributes & GridBaseProps & { sx?: SxProps<Theme> | undefined; } & SystemProps<Theme> & Omit<...>'.
      Property 'item' does not exist on type 'IntrinsicAttributes & GridBaseProps & { sx?: SxProps<Theme> | undefined; } & SystemProps<Theme> & Omit<...>'.
src/pages/Payroll.tsx(146,34): error TS2769: No overload matches this call.
  Overload 1 of 2, '(props: { component: ElementType<any, keyof IntrinsicElements>; } & GridBaseProps & { sx?: SxProps<Theme> | undefined; } & SystemProps<...> & Omit<...>): Element | null', gave the following error.
    Property 'component' is missing in type '{ children: Element; item: true; xs: number; }' but required in type '{ component: ElementType<any, keyof IntrinsicElements>; }'.
  Overload 2 of 2, '(props: DefaultComponentProps<GridTypeMap<{}, "div">>): Element | null', gave the following error.
    Type '{ children: Element; item: true; xs: number; }' is not assignable to type 'IntrinsicAttributes & GridBaseProps & { sx?: SxProps<Theme> | undefined; } & SystemProps<Theme> & Omit<...>'.
      Property 'item' does not exist on type 'IntrinsicAttributes & GridBaseProps & { sx?: SxProps<Theme> | undefined; } & SystemProps<Theme> & Omit<...>'.
src/pages/Payroll.tsx(154,34): error TS2769: No overload matches this call.
  Overload 1 of 2, '(props: { component: ElementType<any, keyof IntrinsicElements>; } & GridBaseProps & { sx?: SxProps<Theme> | undefined; } & SystemProps<...> & Omit<...>): Element | null', gave the following error.
    Property 'component' is missing in type '{ children: Element; item: true; xs: number; }' but required in type '{ component: ElementType<any, keyof IntrinsicElements>; }'.
  Overload 2 of 2, '(props: DefaultComponentProps<GridTypeMap<{}, "div">>): Element | null', gave the following error.
    Type '{ children: Element; item: true; xs: number; }' is not assignable to type 'IntrinsicAttributes & GridBaseProps & { sx?: SxProps<Theme> | undefined; } & SystemProps<Theme> & Omit<...>'.
      Property 'item' does not exist on type 'IntrinsicAttributes & GridBaseProps & { sx?: SxProps<Theme> | undefined; } & SystemProps<Theme> & Omit<...>'.
src/pages/Payroll.tsx(164,34): error TS2769: No overload matches this call.
  Overload 1 of 2, '(props: { component: ElementType<any, keyof IntrinsicElements>; } & GridBaseProps & { sx?: SxProps<Theme> | undefined; } & SystemProps<...> & Omit<...>): Element | null', gave the following error.
    Property 'component' is missing in type '{ children: Element; item: true; xs: number; }' but required in type '{ component: ElementType<any, keyof IntrinsicElements>; }'.
  Overload 2 of 2, '(props: DefaultComponentProps<GridTypeMap<{}, "div">>): Element | null', gave the following error.
    Type '{ children: Element; item: true; xs: number; }' is not assignable to type 'IntrinsicAttributes & GridBaseProps & { sx?: SxProps<Theme> | undefined; } & SystemProps<Theme> & Omit<...>'.
      Property 'item' does not exist on type 'IntrinsicAttributes & GridBaseProps & { sx?: SxProps<Theme> | undefined; } & SystemProps<Theme> & Omit<...>'.
src/pages/Payroll.tsx(170,34): error TS2769: No overload matches this call.
  Overload 1 of 2, '(props: { component: ElementType<any, keyof IntrinsicElements>; } & GridBaseProps & { sx?: SxProps<Theme> | undefined; } & SystemProps<...> & Omit<...>): Element | null', gave the following error.
    Property 'component' is missing in type '{ children: Element; item: true; xs: number; }' but required in type '{ component: ElementType<any, keyof IntrinsicElements>; }'.
  Overload 2 of 2, '(props: DefaultComponentProps<GridTypeMap<{}, "div">>): Element | null', gave the following error.
    Type '{ children: Element; item: true; xs: number; }' is not assignable to type 'IntrinsicAttributes & GridBaseProps & { sx?: SxProps<Theme> | undefined; } & SystemProps<Theme> & Omit<...>'.
      Property 'item' does not exist on type 'IntrinsicAttributes & GridBaseProps & { sx?: SxProps<Theme> | undefined; } & SystemProps<Theme> & Omit<...>'.
src/pages/Payroll.tsx(177,34): error TS2769: No overload matches this call.
  Overload 1 of 2, '(props: { component: ElementType<any, keyof IntrinsicElements>; } & GridBaseProps & { sx?: SxProps<Theme> | undefined; } & SystemProps<...> & Omit<...>): Element | null', gave the following error.
    Property 'component' is missing in type '{ children: Element; item: true; xs: number; }' but required in type '{ component: ElementType<any, keyof IntrinsicElements>; }'.
  Overload 2 of 2, '(props: DefaultComponentProps<GridTypeMap<{}, "div">>): Element | null', gave the following error.
    Type '{ children: Element; item: true; xs: number; }' is not assignable to type 'IntrinsicAttributes & GridBaseProps & { sx?: SxProps<Theme> | undefined; } & SystemProps<Theme> & Omit<...>'.
      Property 'item' does not exist on type 'IntrinsicAttributes & GridBaseProps & { sx?: SxProps<Theme> | undefined; } & SystemProps<Theme> & Omit<...>'.
src/pages/Payroll.tsx(184,34): error TS2769: No overload matches this call.
  Overload 1 of 2, '(props: { component: ElementType<any, keyof IntrinsicElements>; } & GridBaseProps & { sx?: SxProps<Theme> | undefined; } & SystemProps<...> & Omit<...>): Element | null', gave the following error.
    Property 'component' is missing in type '{ children: Element; item: true; xs: number; }' but required in type '{ component: ElementType<any, keyof IntrinsicElements>; }'.
  Overload 2 of 2, '(props: DefaultComponentProps<GridTypeMap<{}, "div">>): Element | null', gave the following error.
    Type '{ children: Element; item: true; xs: number; }' is not assignable to type 'IntrinsicAttributes & GridBaseProps & { sx?: SxProps<Theme> | undefined; } & SystemProps<Theme> & Omit<...>'.
      Property 'item' does not exist on type 'IntrinsicAttributes & GridBaseProps & { sx?: SxProps<Theme> | undefined; } & SystemProps<Theme> & Omit<...>'.
src/pages/Payroll.tsx(192,34): error TS2769: No overload matches this call.
  Overload 1 of 2, '(props: { component: ElementType<any, keyof IntrinsicElements>; } & GridBaseProps & { sx?: SxProps<Theme> | undefined; } & SystemProps<...> & Omit<...>): Element | null', gave the following error.
    Property 'component' is missing in type '{ children: Element; item: true; xs: number; sx: { mt: number; }; }' but required in type '{ component: ElementType<any, keyof IntrinsicElements>; }'.
  Overload 2 of 2, '(props: DefaultComponentProps<GridTypeMap<{}, "div">>): Element | null', gave the following error.
    Type '{ children: Element; item: true; xs: number; sx: { mt: number; }; }' is not assignable to type 'IntrinsicAttributes & GridBaseProps & { sx?: SxProps<Theme> | undefined; } & SystemProps<Theme> & Omit<...>'.
      Property 'item' does not exist on type 'IntrinsicAttributes & GridBaseProps & { sx?: SxProps<Theme> | undefined; } & SystemProps<Theme> & Omit<...>'.
src/pages/Planning.tsx(3,1): error TS2578: Unused '@ts-expect-error' directive.
src/pages/Planning.tsx(13,57): error TS6133: 'culture' is declared but its value is never read.
src/pages/Planning.tsx(15,58): error TS6133: 'culture' is declared but its value is never read.
src/pages/Planning.tsx(21,41): error TS2304: Cannot find name 'useGetList'.
src/pages/Planning.tsx(22,29): error TS2304: Cannot find name 'useGetList'.
src/pages/Planning.tsx(23,30): error TS2304: Cannot find name 'useGetList'.
src/pages/Planning.tsx(24,22): error TS2552: Cannot find name 'useCreate'. Did you mean 'create'?
src/pages/Planning.tsx(25,22): error TS2552: Cannot find name 'useUpdate'. Did you mean 'update'?
src/pages/Planning.tsx(26,20): error TS2552: Cannot find name 'useNotify'. Did you mean 'notify'?
src/pages/Planning.tsx(38,62): error TS2304: Cannot find name 'AgentAssignment'.
src/pages/Planning.tsx(172,53): error TS7006: Parameter 'v' implicitly has an 'any' type.
src/pages/Planning.tsx(212,89): error TS7006: Parameter '_' implicitly has an 'any' type.
src/pages/Planning.tsx(212,92): error TS7006: Parameter 'i' implicitly has an 'any' type.
src/pages/Planning.tsx(217,92): error TS2304: Cannot find name 'Vacation'.
src/pages/Planning.tsx(339,28): error TS2552: Cannot find name 'Loading'. Did you mean 'isLoading'?
src/pages/Planning.tsx(342,10): error TS2304: Cannot find name 'Card'.
src/pages/Planning.tsx(343,14): error TS2304: Cannot find name 'Title'.
src/pages/Planning.tsx(344,14): error TS2304: Cannot find name 'CardHeader'.
src/pages/Planning.tsx(347,22): error TS2304: Cannot find name 'Button'.
src/pages/Planning.tsx(349,23): error TS2304: Cannot find name 'Button'.
src/pages/Planning.tsx(352,14): error TS2304: Cannot find name 'CardContent'.
src/pages/Planning.tsx(353,18): error TS2304: Cannot find name 'Box'.
src/pages/Planning.tsx(354,22): error TS2304: Cannot find name 'Tabs'.
src/pages/Planning.tsx(355,26): error TS2304: Cannot find name 'Tab'.
src/pages/Planning.tsx(356,26): error TS2304: Cannot find name 'Tab'.
src/pages/Planning.tsx(357,23): error TS2304: Cannot find name 'Tabs'.
src/pages/Planning.tsx(358,19): error TS2304: Cannot find name 'Box'.
src/pages/Planning.tsx(363,30): error TS2304: Cannot find name 'DnDCalendar'.
src/pages/Planning.tsx(364,46): error TS2304: Cannot find name 'Views'.
src/pages/Planning.tsx(366,44): error TS2304: Cannot find name 'localizer'.
src/pages/Planning.tsx(390,26): error TS2304: Cannot find name 'List'.
src/pages/Planning.tsx(391,30): error TS2304: Cannot find name 'Datagrid'.
src/pages/Planning.tsx(392,34): error TS2304: Cannot find name 'RaTextField'.
src/pages/Planning.tsx(394,34): error TS2304: Cannot find name 'FunctionField'.
src/pages/Planning.tsx(414,46): error TS2304: Cannot find name 'Box'.
src/pages/Planning.tsx(415,50): error TS2304: Cannot find name 'Typography'.
src/pages/Planning.tsx(417,51): error TS2304: Cannot find name 'Typography'.
src/pages/Planning.tsx(418,50): error TS2304: Cannot find name 'Typography'.
src/pages/Planning.tsx(420,51): error TS2304: Cannot find name 'Typography'.
src/pages/Planning.tsx(421,47): error TS2304: Cannot find name 'Box'.
src/pages/Planning.tsx(426,34): error TS2304: Cannot find name 'FunctionField'.
src/pages/Planning.tsx(430,46): error TS2304: Cannot find name 'Box'.
src/pages/Planning.tsx(442,58): error TS2304: Cannot find name 'Typography'.
src/pages/Planning.tsx(444,59): error TS2304: Cannot find name 'Typography'.
src/pages/Planning.tsx(447,47): error TS2304: Cannot find name 'Box'.
src/pages/Planning.tsx(452,34): error TS2304: Cannot find name 'FunctionField'.
src/pages/Planning.tsx(471,46): error TS2304: Cannot find name 'Typography'.
src/pages/Planning.tsx(473,47): error TS2304: Cannot find name 'Typography'.
src/pages/Planning.tsx(478,34): error TS2304: Cannot find name 'RaTextField'.
src/pages/Planning.tsx(479,34): error TS2304: Cannot find name 'DeleteButton'.
src/pages/Planning.tsx(480,31): error TS2304: Cannot find name 'Datagrid'.
src/pages/Planning.tsx(481,27): error TS2304: Cannot find name 'List'.
src/pages/Planning.tsx(485,15): error TS2304: Cannot find name 'CardContent'.
src/pages/Planning.tsx(487,14): error TS2304: Cannot find name 'Dialog'.
src/pages/Planning.tsx(488,18): error TS2304: Cannot find name 'DialogTitle'.
src/pages/Planning.tsx(488,101): error TS2304: Cannot find name 'DialogTitle'.
src/pages/Planning.tsx(489,18): error TS2304: Cannot find name 'DialogContent'.
src/pages/Planning.tsx(490,22): error TS2304: Cannot find name 'TextField'.
src/pages/Planning.tsx(494,36): error TS7006: Parameter 'e' implicitly has an 'any' type.
src/pages/Planning.tsx(514,30): error TS2304: Cannot find name 'MenuItem'.
src/pages/Planning.tsx(516,31): error TS2304: Cannot find name 'MenuItem'.
src/pages/Planning.tsx(518,23): error TS2304: Cannot find name 'TextField'.
src/pages/Planning.tsx(520,22): error TS2304: Cannot find name 'Box'.
src/pages/Planning.tsx(521,26): error TS2304: Cannot find name 'Typography'.
src/pages/Planning.tsx(523,30): error TS2304: Cannot find name 'IconButton'.
src/pages/Planning.tsx(524,34): error TS2304: Cannot find name 'PersonAddIcon'.
src/pages/Planning.tsx(525,31): error TS2304: Cannot find name 'IconButton'.
src/pages/Planning.tsx(526,27): error TS2304: Cannot find name 'Typography'.
src/pages/Planning.tsx(529,30): error TS2304: Cannot find name 'Box'.
src/pages/Planning.tsx(530,34): error TS2304: Cannot find name 'Box'.
src/pages/Planning.tsx(531,38): error TS2304: Cannot find name 'Typography'.
src/pages/Planning.tsx(531,96): error TS2304: Cannot find name 'Typography'.
src/pages/Planning.tsx(533,42): error TS2304: Cannot find name 'IconButton'.
src/pages/Planning.tsx(534,46): error TS2304: Cannot find name 'DeleteIcon'.
src/pages/Planning.tsx(535,43): error TS2304: Cannot find name 'IconButton'.
src/pages/Planning.tsx(537,35): error TS2304: Cannot find name 'Box'.
src/pages/Planning.tsx(539,34): error TS2304: Cannot find name 'Box'.
src/pages/Planning.tsx(540,38): error TS2304: Cannot find name 'TextField'.
src/pages/Planning.tsx(544,52): error TS7006: Parameter 'e' implicitly has an 'any' type.
src/pages/Planning.tsx(550,46): error TS2304: Cannot find name 'MenuItem'.
src/pages/Planning.tsx(550,89): error TS2304: Cannot find name 'MenuItem'.
src/pages/Planning.tsx(552,39): error TS2304: Cannot find name 'TextField'.
src/pages/Planning.tsx(554,38): error TS2304: Cannot find name 'TextField'.
src/pages/Planning.tsx(558,52): error TS7006: Parameter 'e' implicitly has an 'any' type.
src/pages/Planning.tsx(564,46): error TS2304: Cannot find name 'MenuItem'.
src/pages/Planning.tsx(566,47): error TS2304: Cannot find name 'MenuItem'.
src/pages/Planning.tsx(568,39): error TS2304: Cannot find name 'TextField'.
src/pages/Planning.tsx(569,35): error TS2304: Cannot find name 'Box'.
src/pages/Planning.tsx(571,34): error TS2304: Cannot find name 'Typography'.
src/pages/Planning.tsx(573,38): error TS2304: Cannot find name 'IconButton'.
src/pages/Planning.tsx(574,42): error TS2304: Cannot find name 'AddIcon'.
src/pages/Planning.tsx(575,39): error TS2304: Cannot find name 'IconButton'.
src/pages/Planning.tsx(576,35): error TS2304: Cannot find name 'Typography'.
src/pages/Planning.tsx(578,60): error TS7006: Parameter 'vacation' implicitly has an 'any' type.
src/pages/Planning.tsx(578,70): error TS7006: Parameter 'vacationIdx' implicitly has an 'any' type.
src/pages/Planning.tsx(579,38): error TS2304: Cannot find name 'Box'.
src/pages/Planning.tsx(580,42): error TS2304: Cannot find name 'TextField'.
src/pages/Planning.tsx(584,56): error TS7006: Parameter 'e' implicitly has an 'any' type.
src/pages/Planning.tsx(589,42): error TS2304: Cannot find name 'TextField'.
src/pages/Planning.tsx(593,56): error TS7006: Parameter 'e' implicitly has an 'any' type.
src/pages/Planning.tsx(598,42): error TS2304: Cannot find name 'TextField'.
src/pages/Planning.tsx(602,56): error TS7006: Parameter 'e' implicitly has an 'any' type.
src/pages/Planning.tsx(608,46): error TS2304: Cannot find name 'IconButton'.
src/pages/Planning.tsx(613,50): error TS2304: Cannot find name 'DeleteIcon'.
src/pages/Planning.tsx(614,47): error TS2304: Cannot find name 'IconButton'.
src/pages/Planning.tsx(616,39): error TS2304: Cannot find name 'Box'.
src/pages/Planning.tsx(618,31): error TS2304: Cannot find name 'Box'.
src/pages/Planning.tsx(620,23): error TS2304: Cannot find name 'Box'.
src/pages/Planning.tsx(622,22): error TS2304: Cannot find name 'TextField'.
src/pages/Planning.tsx(625,36): error TS7006: Parameter 'e' implicitly has an 'any' type.
src/pages/Planning.tsx(631,19): error TS2304: Cannot find name 'DialogContent'.
src/pages/Planning.tsx(632,18): error TS2304: Cannot find name 'DialogActions'.
src/pages/Planning.tsx(633,22): error TS2304: Cannot find name 'Button'.
src/pages/Planning.tsx(633,66): error TS2304: Cannot find name 'Button'.
src/pages/Planning.tsx(634,22): error TS2304: Cannot find name 'Button'.
src/pages/Planning.tsx(636,23): error TS2304: Cannot find name 'Button'.
src/pages/Planning.tsx(637,19): error TS2304: Cannot find name 'DialogActions'.
src/pages/Planning.tsx(638,15): error TS2304: Cannot find name 'Dialog'.
src/pages/Planning.tsx(639,11): error TS2304: Cannot find name 'Card'.
src/pages/Sites.tsx(3,10): error TS1484: 'Site' is a type and must be imported using a type-only import when 'verbatimModuleSyntax' is enabled.
src/utils/planningUtils.test.ts(4,43): error TS2307: Cannot find module '@mocyno/types' or its corresponding type declarations.
